Using pre-set license
Built from '2020.3/staging' branch; Version is '2020.3.22f1 (e1a7f79fd887) revision 14788599'; Using compiler version '192528614'; Build Type 'Release'
OS: 'Windows 10 Home Single Language; OS build 19043.1348; Version 2009; 64bit' Language: 'es' Physical Memory: 3936 MB
BatchMode: 1, IsHumanControllingUs: 0, StartBugReporterOnCrash: 0, Is64bit: 1, IsPro: 0

COMMAND LINE ARGUMENTS:
E:\unity\2020.3.22f1\Editor\Unity.exe
-adb2
-batchMode
-noUpm
-name
AssetImportWorker27
-projectPath
E:/git/Sarcov-Juego/JUEGO code/Sarcov_game
-logFile
Logs/AssetImportWorker27.log
-srvPort
50006
Successfully changed project path to: E:/git/Sarcov-Juego/JUEGO code/Sarcov_game
E:/git/Sarcov-Juego/JUEGO code/Sarcov_game
Using Asset Import Pipeline V2.
Refreshing native plugins compatible for Editor in 45.70 ms, found 3 plugins.
Preloading 0 native plugins for Editor in 0.00 ms.
Initialize engine version: 2020.3.22f1 (e1a7f79fd887)
[Subsystems] Discovering subsystems at path E:/unity/2020.3.22f1/Editor/Data/Resources/UnitySubsystems
[Subsystems] Discovering subsystems at path E:/git/Sarcov-Juego/JUEGO code/Sarcov_game/Assets
GfxDevice: creating device client; threaded=0
Direct3D:
    Version:  Direct3D 11.0 [level 11.1]
    Renderer: NVIDIA GeForce GTX 1050 (ID=0x1c8d)
    Vendor:   
    VRAM:     4019 MB
    Driver:   30.0.14.9649
Initialize mono
Mono path[0] = 'E:/unity/2020.3.22f1/Editor/Data/Managed'
Mono path[1] = 'E:/unity/2020.3.22f1/Editor/Data/MonoBleedingEdge/lib/mono/unityjit'
Mono config path = 'E:/unity/2020.3.22f1/Editor/Data/MonoBleedingEdge/etc'
Using monoOptions --debugger-agent=transport=dt_socket,embedding=1,server=y,suspend=n,address=127.0.0.1:56740
Begin MonoManager ReloadAssembly
Registering precompiled unity dll's ...
Register platform support module: E:/unity/2020.3.22f1/Editor/Data/PlaybackEngines/WindowsStandaloneSupport/UnityEditor.WindowsStandalone.Extensions.dll
Registered in 0.001500 seconds.
Native extension for WindowsStandalone target not found
Refreshing native plugins compatible for Editor in 42.62 ms, found 3 plugins.
Preloading 0 native plugins for Editor in 0.00 ms.
Mono: successfully reloaded assembly
- Completed reload, in  0.862 seconds
Domain Reload Profiling:
	ReloadAssembly (863ms)
		BeginReloadAssembly (49ms)
			ExecutionOrderSort (0ms)
			DisableScriptedObjects (0ms)
			BackupInstance (0ms)
			ReleaseScriptingObjects (0ms)
			CreateAndSetChildDomain (1ms)
		EndReloadAssembly (417ms)
			LoadAssemblies (47ms)
			RebuildTransferFunctionScriptingTraits (0ms)
			SetupTypeCache (141ms)
			ReleaseScriptCaches (0ms)
			RebuildScriptCaches (29ms)
			SetupLoadedEditorAssemblies (162ms)
				LogAssemblyErrors (0ms)
				InitializePlatformSupportModulesInManaged (4ms)
				SetLoadedEditorAssemblies (0ms)
				RefreshPlugins (43ms)
				BeforeProcessingInitializeOnLoad (14ms)
				ProcessInitializeOnLoadAttributes (75ms)
				ProcessInitializeOnLoadMethodAttributes (27ms)
				AfterProcessingInitializeOnLoad (0ms)
				EditorAssembliesLoaded (0ms)
			ExecutionOrderSort2 (0ms)
			AwakeInstancesAfterBackupRestoration (0ms)
Platform modules already initialized, skipping
Registering precompiled user dll's ...
Registered in 0.005451 seconds.
Begin MonoManager ReloadAssembly
Native extension for WindowsStandalone target not found
Refreshing native plugins compatible for Editor in 42.22 ms, found 3 plugins.
Preloading 0 native plugins for Editor in 0.00 ms.
Mono: successfully reloaded assembly
- Completed reload, in  6.173 seconds
Domain Reload Profiling:
	ReloadAssembly (6265ms)
		BeginReloadAssembly (401ms)
			ExecutionOrderSort (0ms)
			DisableScriptedObjects (4ms)
			BackupInstance (0ms)
			ReleaseScriptingObjects (0ms)
			CreateAndSetChildDomain (111ms)
		EndReloadAssembly (5686ms)
			LoadAssemblies (948ms)
			RebuildTransferFunctionScriptingTraits (0ms)
			SetupTypeCache (1607ms)
			ReleaseScriptCaches (0ms)
			RebuildScriptCaches (47ms)
			SetupLoadedEditorAssemblies (2797ms)
				LogAssemblyErrors (0ms)
				InitializePlatformSupportModulesInManaged (4ms)
				SetLoadedEditorAssemblies (0ms)
				RefreshPlugins (42ms)
				BeforeProcessingInitializeOnLoad (108ms)
				ProcessInitializeOnLoadAttributes (1941ms)
				ProcessInitializeOnLoadMethodAttributes (697ms)
				AfterProcessingInitializeOnLoad (4ms)
				EditorAssembliesLoaded (0ms)
			ExecutionOrderSort2 (0ms)
			AwakeInstancesAfterBackupRestoration (6ms)
Platform modules already initialized, skipping
========================================================================
Worker process is ready to serve import requests
Launched and connected shader compiler UnityShaderCompiler.exe after 1.01 seconds
Refreshing native plugins compatible for Editor in 0.94 ms, found 3 plugins.
Preloading 0 native plugins for Editor in 0.00 ms.
Unloading 2255 Unused Serialized files (Serialized files now loaded: 0)
System memory in use before: 171.7 MB.
System memory in use after: 171.8 MB.

Unloading 28 unused Assets to reduce memory usage. Loaded Objects now: 2695.
Total: 360.138600 ms (FindLiveObjects: 1.171000 ms CreateObjectMapping: 0.545200 ms MarkObjects: 286.603900 ms  DeleteObjects: 71.812300 ms)

AssetImportParameters requested are different than current active one (requested -> active):
  custom:framework-win-MediaFoundation: 216162199b28c13a410421893ffa2e32 -> 
  custom:video-decoder-ogg-theora: a1e56fd34408186e4bbccfd4996cb3dc -> 
  custom:container-muxer-webm: aa71ff27fc2769a1b78a27578f13a17b -> 
  custom:container-demuxer-webm: 4f35f7cbe854078d1ac9338744f61a02 -> 
  custom:container-demuxer-ogg: 62fdf1f143b41e24485cea50d1cbac27 -> 
  custom:video-encoder-webm-vp8: eb34c28f22e8b96e1ab97ce403110664 -> 
  custom:video-decoder-webm-vp8: 9c59270c3fd7afecdb556c50c9e8de78 -> 
  custom:audio-decoder-ogg-vorbis: bf7c407c2cedff20999df2af8eb42d56 -> 
  custom:audio-encoder-webm-vorbis: bf7c407c2cedff20999df2af8eb42d56 -> 
========================================================================
Received Import Request.
  path: Assets/palette/Madera_0.asset
  artifactKey: Guid(d3453ac1b50285d439f733095fc17092) Importer(815301076,1909f56bfc062723c751e8b465ee728b)
Start importing Assets/palette/Madera_0.asset using Guid(d3453ac1b50285d439f733095fc17092) Importer(815301076,1909f56bfc062723c751e8b465ee728b)  -> (artifact id: '52c5638cd39468502ddaa1ae552717d5') in 2.860688 seconds 
  Import took 2.976322 seconds .

========================================================================
Received Import Request.
  Time since last request: 0.007868 seconds.
  path: Assets/palette/asera_3.asset
  artifactKey: Guid(c36d38ba055a396499b45857d82b1c4d) Importer(815301076,1909f56bfc062723c751e8b465ee728b)
Start importing Assets/palette/asera_3.asset using Guid(c36d38ba055a396499b45857d82b1c4d) Importer(815301076,1909f56bfc062723c751e8b465ee728b)  -> (artifact id: '4df7315bbbbac5ca732287c50bc2fb55') in 0.385960 seconds 
  Import took 0.437999 seconds .

========================================================================
Received Import Request.
  Time since last request: 0.000850 seconds.
  path: Assets/palette/Madera_1.asset
  artifactKey: Guid(1454bb04924e0754c9d7200f17847606) Importer(815301076,1909f56bfc062723c751e8b465ee728b)
Start importing Assets/palette/Madera_1.asset using Guid(1454bb04924e0754c9d7200f17847606) Importer(815301076,1909f56bfc062723c751e8b465ee728b)  -> (artifact id: '2facb217b6fae790678af959eecb99fe') in 0.410532 seconds 
  Import took 0.531868 seconds .

========================================================================
Received Import Request.
  Time since last request: 0.001024 seconds.
  path: Assets/palette/Escombro.prefab
  artifactKey: Guid(df5ce329e00c16341aa4815edad657df) Importer(815301076,1909f56bfc062723c751e8b465ee728b)
Start importing Assets/palette/Escombro.prefab using Guid(df5ce329e00c16341aa4815edad657df) Importer(815301076,1909f56bfc062723c751e8b465ee728b)  -> (artifact id: '757a7a55e179f73c7a17fd40f4b65d25') in 3.644214 seconds 
  Import took 3.674852 seconds .

========================================================================
Received Import Request.
  Time since last request: 0.025592 seconds.
  path: Assets/palette/Madera.prefab
  artifactKey: Guid(b0e91baad5245d047b9318c43d6f7e24) Importer(815301076,1909f56bfc062723c751e8b465ee728b)
Start importing Assets/palette/Madera.prefab using Guid(b0e91baad5245d047b9318c43d6f7e24) Importer(815301076,1909f56bfc062723c751e8b465ee728b)  -> (artifact id: 'a3dd3978db97612717dcefaabfcba088') in 0.525027 seconds 
  Import took 0.736483 seconds .

========================================================================
Received Import Request.
  Time since last request: 0.000337 seconds.
  path: Assets/palette/asera.prefab
  artifactKey: Guid(83e4706b73f5632458e23e1ef19b9e95) Importer(815301076,1909f56bfc062723c751e8b465ee728b)
Start importing Assets/palette/asera.prefab using Guid(83e4706b73f5632458e23e1ef19b9e95) Importer(815301076,1909f56bfc062723c751e8b465ee728b)  -> (artifact id: 'da9a3c472330d38e1abbde1920d54142') in 0.377936 seconds 
  Import took 0.447611 seconds .

========================================================================
Received Import Request.
  Time since last request: 0.000817 seconds.
  path: Assets/palette/asera_1.asset
  artifactKey: Guid(78ace89017f731644ad6ebed02bb3637) Importer(815301076,1909f56bfc062723c751e8b465ee728b)
Start importing Assets/palette/asera_1.asset using Guid(78ace89017f731644ad6ebed02bb3637) Importer(815301076,1909f56bfc062723c751e8b465ee728b)  -> (artifact id: 'fdc03161f4b8ab1b81b9ea8b3c1d3583') in 0.239495 seconds 
  Import took 0.296798 seconds .

========================================================================
Received Import Request.
  Time since last request: 0.001059 seconds.
  path: Assets/palette/asera_2.asset
  artifactKey: Guid(07379930aad26294daa18aea6fe382ef) Importer(815301076,1909f56bfc062723c751e8b465ee728b)
Start importing Assets/palette/asera_2.asset using Guid(07379930aad26294daa18aea6fe382ef) Importer(815301076,1909f56bfc062723c751e8b465ee728b)  -> (artifact id: '2a2587c81bbe06c622259133ebc370ef') in 0.172368 seconds 
  Import took 0.223466 seconds .

========================================================================
Received Import Request.
  Time since last request: 0.000308 seconds.
  path: Assets/palette/asera_0.asset
  artifactKey: Guid(690135226f337c74c99cbd8f9ecfec55) Importer(815301076,1909f56bfc062723c751e8b465ee728b)
Start importing Assets/palette/asera_0.asset using Guid(690135226f337c74c99cbd8f9ecfec55) Importer(815301076,1909f56bfc062723c751e8b465ee728b)  -> (artifact id: 'd5c9d2f772bf569e6852744eb4475693') in 0.183815 seconds 
  Import took 0.199283 seconds .

========================================================================
Received Import Request.
  Time since last request: 0.001216 seconds.
  path: Assets/palette/asera_4.asset
  artifactKey: Guid(ad6a4686ff456d9409320ecbfd8b61b8) Importer(815301076,1909f56bfc062723c751e8b465ee728b)
Start importing Assets/palette/asera_4.asset using Guid(ad6a4686ff456d9409320ecbfd8b61b8) Importer(815301076,1909f56bfc062723c751e8b465ee728b)  -> (artifact id: 'f51c2966a08fb74db27c746d0da93afa') in 0.100401 seconds 
  Import took 0.117901 seconds .

