Using pre-set license
Built from '2020.3/staging' branch; Version is '2020.3.22f1 (e1a7f79fd887) revision 14788599'; Using compiler version '192528614'; Build Type 'Release'
OS: 'Windows 10 Home Single Language; OS build 19043.1288; Version 2009; 64bit' Language: 'es' Physical Memory: 3936 MB
BatchMode: 1, IsHumanControllingUs: 0, StartBugReporterOnCrash: 0, Is64bit: 1, IsPro: 0

COMMAND LINE ARGUMENTS:
E:\unity\2020.3.22f1\Editor\Unity.exe
-adb2
-batchMode
-noUpm
-name
AssetImportWorker4
-projectPath
E:/git/Sarcov-Juego/JUEGO code/Sarcov_game
-logFile
Logs/AssetImportWorker4.log
-srvPort
57045
Successfully changed project path to: E:/git/Sarcov-Juego/JUEGO code/Sarcov_game
E:/git/Sarcov-Juego/JUEGO code/Sarcov_game
Using Asset Import Pipeline V2.
Refreshing native plugins compatible for Editor in 42.53 ms, found 3 plugins.
Preloading 0 native plugins for Editor in 0.00 ms.
Initialize engine version: 2020.3.22f1 (e1a7f79fd887)
[Subsystems] Discovering subsystems at path E:/unity/2020.3.22f1/Editor/Data/Resources/UnitySubsystems
[Subsystems] Discovering subsystems at path E:/git/Sarcov-Juego/JUEGO code/Sarcov_game/Assets
GfxDevice: creating device client; threaded=0
Direct3D:
    Version:  Direct3D 11.0 [level 11.1]
    Renderer: NVIDIA GeForce GTX 1050 (ID=0x1c8d)
    Vendor:   
    VRAM:     4019 MB
    Driver:   30.0.14.9649
Initialize mono
Mono path[0] = 'E:/unity/2020.3.22f1/Editor/Data/Managed'
Mono path[1] = 'E:/unity/2020.3.22f1/Editor/Data/MonoBleedingEdge/lib/mono/unityjit'
Mono config path = 'E:/unity/2020.3.22f1/Editor/Data/MonoBleedingEdge/etc'
Using monoOptions --debugger-agent=transport=dt_socket,embedding=1,server=y,suspend=n,address=127.0.0.1:56928
Begin MonoManager ReloadAssembly
Registering precompiled unity dll's ...
Register platform support module: E:/unity/2020.3.22f1/Editor/Data/PlaybackEngines/WindowsStandaloneSupport/UnityEditor.WindowsStandalone.Extensions.dll
Registered in 0.001515 seconds.
Native extension for WindowsStandalone target not found
Refreshing native plugins compatible for Editor in 41.24 ms, found 3 plugins.
Preloading 0 native plugins for Editor in 0.00 ms.
Mono: successfully reloaded assembly
- Completed reload, in  0.865 seconds
Domain Reload Profiling:
	ReloadAssembly (865ms)
		BeginReloadAssembly (49ms)
			ExecutionOrderSort (0ms)
			DisableScriptedObjects (0ms)
			BackupInstance (0ms)
			ReleaseScriptingObjects (0ms)
			CreateAndSetChildDomain (1ms)
		EndReloadAssembly (421ms)
			LoadAssemblies (48ms)
			RebuildTransferFunctionScriptingTraits (0ms)
			SetupTypeCache (147ms)
			ReleaseScriptCaches (0ms)
			RebuildScriptCaches (30ms)
			SetupLoadedEditorAssemblies (158ms)
				LogAssemblyErrors (0ms)
				InitializePlatformSupportModulesInManaged (3ms)
				SetLoadedEditorAssemblies (0ms)
				RefreshPlugins (41ms)
				BeforeProcessingInitializeOnLoad (15ms)
				ProcessInitializeOnLoadAttributes (71ms)
				ProcessInitializeOnLoadMethodAttributes (26ms)
				AfterProcessingInitializeOnLoad (0ms)
				EditorAssembliesLoaded (0ms)
			ExecutionOrderSort2 (0ms)
			AwakeInstancesAfterBackupRestoration (0ms)
Platform modules already initialized, skipping
Registering precompiled user dll's ...
Registered in 0.006950 seconds.
Begin MonoManager ReloadAssembly
Native extension for WindowsStandalone target not found
Refreshing native plugins compatible for Editor in 43.61 ms, found 3 plugins.
Preloading 0 native plugins for Editor in 0.00 ms.
Mono: successfully reloaded assembly
- Completed reload, in  6.158 seconds
Domain Reload Profiling:
	ReloadAssembly (6219ms)
		BeginReloadAssembly (185ms)
			ExecutionOrderSort (0ms)
			DisableScriptedObjects (5ms)
			BackupInstance (0ms)
			ReleaseScriptingObjects (0ms)
			CreateAndSetChildDomain (57ms)
		EndReloadAssembly (5950ms)
			LoadAssemblies (3631ms)
			RebuildTransferFunctionScriptingTraits (0ms)
			SetupTypeCache (900ms)
			ReleaseScriptCaches (0ms)
			RebuildScriptCaches (51ms)
			SetupLoadedEditorAssemblies (1225ms)
				LogAssemblyErrors (0ms)
				InitializePlatformSupportModulesInManaged (4ms)
				SetLoadedEditorAssemblies (0ms)
				RefreshPlugins (44ms)
				BeforeProcessingInitializeOnLoad (116ms)
				ProcessInitializeOnLoadAttributes (825ms)
				ProcessInitializeOnLoadMethodAttributes (232ms)
				AfterProcessingInitializeOnLoad (4ms)
				EditorAssembliesLoaded (0ms)
			ExecutionOrderSort2 (0ms)
			AwakeInstancesAfterBackupRestoration (6ms)
Platform modules already initialized, skipping
========================================================================
Worker process is ready to serve import requests
Launched and connected shader compiler UnityShaderCompiler.exe after 0.41 seconds
Refreshing native plugins compatible for Editor in 0.52 ms, found 3 plugins.
Preloading 0 native plugins for Editor in 0.00 ms.
Unloading 2250 Unused Serialized files (Serialized files now loaded: 0)
System memory in use before: 99.3 MB.
System memory in use after: 99.4 MB.

Unloading 28 unused Assets to reduce memory usage. Loaded Objects now: 2687.
Total: 3.508000 ms (FindLiveObjects: 0.229300 ms CreateObjectMapping: 0.072300 ms MarkObjects: 3.133400 ms  DeleteObjects: 0.072000 ms)

AssetImportParameters requested are different than current active one (requested -> active):
  custom:framework-win-MediaFoundation: 216162199b28c13a410421893ffa2e32 -> 
  custom:video-decoder-ogg-theora: a1e56fd34408186e4bbccfd4996cb3dc -> 
  custom:container-muxer-webm: aa71ff27fc2769a1b78a27578f13a17b -> 
  custom:container-demuxer-webm: 4f35f7cbe854078d1ac9338744f61a02 -> 
  custom:container-demuxer-ogg: 62fdf1f143b41e24485cea50d1cbac27 -> 
  custom:video-encoder-webm-vp8: eb34c28f22e8b96e1ab97ce403110664 -> 
  custom:video-decoder-webm-vp8: 9c59270c3fd7afecdb556c50c9e8de78 -> 
  custom:audio-decoder-ogg-vorbis: bf7c407c2cedff20999df2af8eb42d56 -> 
  custom:audio-encoder-webm-vorbis: bf7c407c2cedff20999df2af8eb42d56 -> 
========================================================================
Received Import Request.
  path: Assets/sprites/Fondos/Farmacia.png
  artifactKey: Guid(4594b17cb0248094ba2da3868074d446) Importer(815301076,1909f56bfc062723c751e8b465ee728b)
Start importing Assets/sprites/Fondos/Farmacia.png using Guid(4594b17cb0248094ba2da3868074d446) Importer(815301076,1909f56bfc062723c751e8b465ee728b)  -> (artifact id: 'f9ba2258682ce24a4ecbd790f96a422c') in 0.543224 seconds 
  Import took 0.603086 seconds .

========================================================================
Received Import Request.
  Time since last request: 1391.494375 seconds.
  path: Assets/sprites/Fondos/farmaciaalargada.png
  artifactKey: Guid(657db0b5eb0328441bb09d3e8b5f1315) Importer(815301076,1909f56bfc062723c751e8b465ee728b)
Start importing Assets/sprites/Fondos/farmaciaalargada.png using Guid(657db0b5eb0328441bb09d3e8b5f1315) Importer(815301076,1909f56bfc062723c751e8b465ee728b)  -> (artifact id: '95d8b57eb894e31af88906dd9a36b61d') in 0.640295 seconds 
  Import took 0.874467 seconds .

========================================================================
Received Import Request.
  Time since last request: 19.827491 seconds.
  path: Assets/sprites/Fondos/farmaciaalargada.png
  artifactKey: Guid(657db0b5eb0328441bb09d3e8b5f1315) Importer(815301076,1909f56bfc062723c751e8b465ee728b)
Start importing Assets/sprites/Fondos/farmaciaalargada.png using Guid(657db0b5eb0328441bb09d3e8b5f1315) Importer(815301076,1909f56bfc062723c751e8b465ee728b)  -> (artifact id: '5c964879c3d0830d527fc2461169b966') in 0.058131 seconds 
  Import took 0.063656 seconds .

========================================================================
Received Import Request.
  Time since last request: 197.145311 seconds.
  path: Assets/sprites/Fondos/farmacia.mat
  artifactKey: Guid(b99546265e497154c842755342c28487) Importer(815301076,1909f56bfc062723c751e8b465ee728b)
Start importing Assets/sprites/Fondos/farmacia.mat using Guid(b99546265e497154c842755342c28487) Importer(815301076,1909f56bfc062723c751e8b465ee728b)  -> (artifact id: '45a3f4cf2d848c1369ef3bf0f14bf53d') in 1.244494 seconds 
  Import took 1.249428 seconds .

AssetImportWorkerClient::OnTransportError - code=2 error=End of file
